<?xml version="1.0" encoding="UTF-8"?>
<!-- Generated by org.testng.reporters.JUnitReportReporter -->
<testsuite hostname="Dell-Inspiron-3505" failures="0" tests="13" name="com.selenium.practice.website.WebForm" time="23.757" errors="0" timestamp="2024-02-21T20:51:06 IST" skipped="0">
  <testcase classname="com.selenium.practice.website.WebForm" name="enterData" time="0.360"/>
  <system-out/>
  <testcase classname="com.selenium.practice.website.WebForm" name="checkedBox" time="0.063"/>
  <system-out/>
  <testcase classname="com.selenium.practice.website.WebForm" name="handleDisabled" time="0.040"/>
  <system-out/>
  <testcase classname="com.selenium.practice.website.WebForm" name="handleReadOnly" time="0.059"/>
  <system-out/>
  <testcase classname="com.selenium.practice.website.WebForm" name="slider" time="0.086"/>
  <system-out/>
  <testcase classname="com.selenium.practice.website.WebForm" name="defaultRadio" time="0.029"/>
  <system-out/>
  <testcase classname="com.selenium.practice.website.WebForm" name="inputDropdown" time="0.423"/>
  <system-out/>
  <testcase classname="com.selenium.practice.website.WebForm" name="uploadFile" time="2.074"/>
  <system-out/>
  <testcase classname="com.selenium.practice.website.WebForm" name="selectDropdown" time="19.782"/>
  <system-out/>
  <testcase classname="com.selenium.practice.website.WebForm" name="checkedRadio" time="0.086"/>
  <system-out/>
  <testcase classname="com.selenium.practice.website.WebForm" name="datePicker" time="0.261"/>
  <system-out/>
  <testcase classname="com.selenium.practice.website.WebForm" name="defaultCheckBox" time="0.031"/>
  <system-out/>
  <testcase classname="com.selenium.practice.website.WebForm" name="colorPicker" time="0.463"/>
  <system-out/>
</testsuite> <!-- com.selenium.practice.website.WebForm -->
