<?xml version="1.0" encoding="UTF-8"?>
<!-- Generated by org.testng.reporters.JUnitReportReporter -->
<testsuite hostname="DESKTOP-II6BSLU" failures="0" tests="1" name="com.runner.TestRunner" time="0.372" errors="1" timestamp="2024-09-20T01:02:45 IST" skipped="0">
  <testcase classname="com.runner.TestRunner" name="runScenario" time="0.372">
    <error message="The step &#039;User is on registration page &quot;https://demoqa.com/automation-practice-form&quot;&#039; and 8 other step(s) are undefined.
You can implement these steps using the snippet(s) below:

@Given(&quot;User is on registration page {string}&quot;)
public void user_is_on_registration_page(String string) {
    // Write code here that turns the phrase above into concrete actions
    throw new io.cucumber.java.PendingException();
}
@Given(&quot;User enters firstName as {string}, Last name as {string} and email as {string}&quot;)
public void user_enters_first_name_as_last_name_as_and_email_as(String string, String string2, String string3) {
    // Write code here that turns the phrase above into concrete actions
    throw new io.cucumber.java.PendingException();
}
@When(&quot;User click on gender as {string}&quot;)
public void user_click_on_gender_as(String string) {
    // Write code here that turns the phrase above into concrete actions
    throw new io.cucumber.java.PendingException();
}
@When(&quot;Enter Mobile number as {string}&quot;)
public void enter_mobile_number_as(String string) {
    // Write code here that turns the phrase above into concrete actions
    throw new io.cucumber.java.PendingException();
}
@When(&quot;User Enters Subject as {string}, Hobbies as {string}, Select Date and address as {string}&quot;)
public void user_enters_subject_as_hobbies_as_select_date_and_address_as(String string, String string2, String string3) {
    // Write code here that turns the phrase above into concrete actions
    throw new io.cucumber.java.PendingException();
}
@When(&quot;Upload the picture&quot;)
public void upload_the_picture() {
    // Write code here that turns the phrase above into concrete actions
    throw new io.cucumber.java.PendingException();
}
@When(&quot;Select state as {string} and city as {string}&quot;)
public void select_state_as_and_city_as(String string, String string2) {
    // Write code here that turns the phrase above into concrete actions
    throw new io.cucumber.java.PendingException();
}
@When(&quot;Click on the submit button&quot;)
public void click_on_the_submit_button() {
    // Write code here that turns the phrase above into concrete actions
    throw new io.cucumber.java.PendingException();
}
@Then(&quot;User should register successfully into the portal&quot;)
public void user_should_register_successfully_into_the_portal() {
    // Write code here that turns the phrase above into concrete actions
    throw new io.cucumber.java.PendingException();
}
" type="io.cucumber.testng.UndefinedStepException">
      <![CDATA[io.cucumber.testng.UndefinedStepException: The step 'User is on registration page "https://demoqa.com/automation-practice-form"' and 8 other step(s) are undefined.
You can implement these steps using the snippet(s) below:

@Given("User is on registration page {string}")
public void user_is_on_registration_page(String string) {
    // Write code here that turns the phrase above into concrete actions
    throw new io.cucumber.java.PendingException();
}
@Given("User enters firstName as {string}, Last name as {string} and email as {string}")
public void user_enters_first_name_as_last_name_as_and_email_as(String string, String string2, String string3) {
    // Write code here that turns the phrase above into concrete actions
    throw new io.cucumber.java.PendingException();
}
@When("User click on gender as {string}")
public void user_click_on_gender_as(String string) {
    // Write code here that turns the phrase above into concrete actions
    throw new io.cucumber.java.PendingException();
}
@When("Enter Mobile number as {string}")
public void enter_mobile_number_as(String string) {
    // Write code here that turns the phrase above into concrete actions
    throw new io.cucumber.java.PendingException();
}
@When("User Enters Subject as {string}, Hobbies as {string}, Select Date and address as {string}")
public void user_enters_subject_as_hobbies_as_select_date_and_address_as(String string, String string2, String string3) {
    // Write code here that turns the phrase above into concrete actions
    throw new io.cucumber.java.PendingException();
}
@When("Upload the picture")
public void upload_the_picture() {
    // Write code here that turns the phrase above into concrete actions
    throw new io.cucumber.java.PendingException();
}
@When("Select state as {string} and city as {string}")
public void select_state_as_and_city_as(String string, String string2) {
    // Write code here that turns the phrase above into concrete actions
    throw new io.cucumber.java.PendingException();
}
@When("Click on the submit button")
public void click_on_the_submit_button() {
    // Write code here that turns the phrase above into concrete actions
    throw new io.cucumber.java.PendingException();
}
@Then("User should register successfully into the portal")
public void user_should_register_successfully_into_the_portal() {
    // Write code here that turns the phrase above into concrete actions
    throw new io.cucumber.java.PendingException();
}

at io.cucumber.core.runtime.TestCaseResultObserver.assertTestCasePassed(TestCaseResultObserver.java:69)
at io.cucumber.testng.TestCaseResultObserver.assertTestCasePassed(TestCaseResultObserver.java:23)
at io.cucumber.testng.TestNGCucumberRunner.lambda$runScenario$1(TestNGCucumberRunner.java:133)
at io.cucumber.core.runtime.CucumberExecutionContext.lambda$runTestCase$5(CucumberExecutionContext.java:130)
at io.cucumber.core.runtime.RethrowingThrowableCollector.executeAndThrow(RethrowingThrowableCollector.java:23)
at io.cucumber.core.runtime.CucumberExecutionContext.runTestCase(CucumberExecutionContext.java:130)
at io.cucumber.testng.TestNGCucumberRunner.runScenario(TestNGCucumberRunner.java:129)
at io.cucumber.testng.AbstractTestNGCucumberTests.runScenario(AbstractTestNGCucumberTests.java:35)
at java.base/jdk.internal.reflect.NativeMethodAccessorImpl.invoke0(Native Method)
at java.base/jdk.internal.reflect.NativeMethodAccessorImpl.invoke(NativeMethodAccessorImpl.java:77)
at java.base/jdk.internal.reflect.DelegatingMethodAccessorImpl.invoke(DelegatingMethodAccessorImpl.java:43)
at java.base/java.lang.reflect.Method.invoke(Method.java:568)
at org.testng.internal.invokers.MethodInvocationHelper.invokeMethod(MethodInvocationHelper.java:139)
at org.testng.internal.invokers.TestInvoker.invokeMethod(TestInvoker.java:664)
at org.testng.internal.invokers.TestInvoker.invokeTestMethod(TestInvoker.java:227)
at org.testng.internal.invokers.MethodRunner.runInSequence(MethodRunner.java:50)
at org.testng.internal.invokers.TestInvoker$MethodInvocationAgent.invoke(TestInvoker.java:957)
at org.testng.internal.invokers.TestInvoker.invokeTestMethods(TestInvoker.java:200)
at org.testng.internal.invokers.TestMethodWorker.invokeTestMethods(TestMethodWorker.java:148)
at org.testng.internal.invokers.TestMethodWorker.run(TestMethodWorker.java:128)
at java.base/java.util.ArrayList.forEach(ArrayList.java:1511)
at org.testng.TestRunner.privateRun(TestRunner.java:848)
at org.testng.TestRunner.run(TestRunner.java:621)
at org.testng.SuiteRunner.runTest(SuiteRunner.java:443)
at org.testng.SuiteRunner.runSequentially(SuiteRunner.java:437)
at org.testng.SuiteRunner.privateRun(SuiteRunner.java:397)
at org.testng.SuiteRunner.run(SuiteRunner.java:336)
at org.testng.SuiteRunnerWorker.runSuite(SuiteRunnerWorker.java:52)
at org.testng.SuiteRunnerWorker.run(SuiteRunnerWorker.java:95)
at org.testng.TestNG.runSuitesSequentially(TestNG.java:1280)
at org.testng.TestNG.runSuitesLocally(TestNG.java:1200)
at org.testng.TestNG.runSuites(TestNG.java:1114)
at org.testng.TestNG.run(TestNG.java:1082)
at org.testng.remote.AbstractRemoteTestNG.run(AbstractRemoteTestNG.java:115)
at org.testng.remote.RemoteTestNG.initAndRun(RemoteTestNG.java:251)
at org.testng.remote.RemoteTestNG.main(RemoteTestNG.java:77)
]]>
    </error>
  </testcase> <!-- runScenario -->
</testsuite> <!-- com.runner.TestRunner -->
