<?xml version="1.0" encoding="UTF-8"?>
<!-- Generated by org.testng.reporters.JUnitReportReporter -->
<testsuite hostname="Dell-Inspiron-3505" failures="0" tests="5" name="com.elements.CheckBox" time="10.699" errors="0" timestamp="2024-02-20T19:45:34 IST" skipped="0">
  <testcase classname="com.elements.CheckBox" name="setup" time="9.672"/>
  <system-out/>
  <testcase classname="com.elements.CheckBox" name="expandHome" time="0.109"/>
  <system-out/>
  <testcase classname="com.elements.CheckBox" name="desktopSelect" time="0.169"/>
  <system-out/>
  <testcase classname="com.elements.CheckBox" name="DocumentSelect" time="0.255"/>
  <system-out/>
  <testcase classname="com.elements.CheckBox" name="DownloadSelect" time="0.494"/>
  <system-out/>
</testsuite> <!-- com.elements.CheckBox -->
