<?xml version="1.0" encoding="UTF-8"?>
<!-- Generated by org.testng.reporters.JUnitReportReporter -->
<testsuite hostname="Dell-Inspiron-3505" failures="0" tests="2" name="com.intractions.Selectable" time="4.044" errors="0" timestamp="2024-02-27T13:34:30 IST" skipped="0">
  <testcase classname="com.intractions.Selectable" name="selectableList" time="1.294"/>
  <system-out/>
  <testcase classname="com.intractions.Selectable" name="selectableGrid" time="2.750"/>
  <system-out/>
</testsuite> <!-- com.intractions.Selectable -->
