<?xml version="1.0" encoding="UTF-8"?>
<!-- Generated by org.testng.reporters.JUnitReportReporter -->
<testsuite hostname="Dell-Inspiron-3505" failures="0" tests="1" name="com.elements.TextBox" time="12.547" errors="0" timestamp="2024-02-20T19:24:59 IST" skipped="0">
  <testcase classname="com.elements.TextBox" name="setup" time="12.547"/>
  <system-out/>
</testsuite> <!-- com.elements.TextBox -->
