<?xml version="1.0" encoding="UTF-8"?>
<!-- Generated by org.testng.reporters.JUnitReportReporter -->
<testsuite hostname="Dell-Inspiron-3505" failures="0" tests="1" name="com.intractions.DragAndDrop" time="2.701" errors="0" timestamp="2024-02-27T13:35:09 IST" skipped="0">
  <testcase classname="com.intractions.DragAndDrop" name="dragAndDrop" time="2.701"/>
  <system-out/>
</testsuite> <!-- com.intractions.DragAndDrop -->
