<?xml version="1.0" encoding="UTF-8"?>
<!-- Generated by org.testng.reporters.JUnitReportReporter -->
<testsuite hostname="Dell-Inspiron-3505" failures="0" tests="1" name="selenium.TestClass" time="12.562" errors="0" timestamp="2024-02-27T20:39:11 IST" skipped="0">
  <testcase classname="selenium.TestClass" name="launchBrowser" time="12.562"/>
  <system-out/>
</testsuite> <!-- selenium.TestClass -->
