<?xml version="1.0" encoding="UTF-8"?>
<!-- Generated by org.testng.reporters.JUnitReportReporter -->
<testsuite hostname="DESKTOP-II6BSLU" failures="0" tests="3" name="parallel.TestRunner2" time="78.117" errors="0" timestamp="2024-09-20T01:12:45 IST" skipped="0">
  <testcase classname="parallel.TestRunner2" name="runScenario" time="30.354"/>
  <testcase classname="parallel.TestRunner2" name="runScenario" time="20.243"/>
  <testcase classname="parallel.TestRunner2" name="runScenario" time="27.520"/>
</testsuite> <!-- parallel.TestRunner2 -->
