<?xml version="1.0" encoding="UTF-8"?>
<!-- Generated by org.testng.reporters.JUnitReportReporter -->
<testsuite hostname="Dell-Inspiron-3505" failures="0" tests="2" name="com.intractions.Resizable" time="1.773" errors="0" timestamp="2024-02-27T13:34:50 IST" skipped="0">
  <testcase classname="com.intractions.Resizable" name="resizable1" time="0.498"/>
  <system-out/>
  <testcase classname="com.intractions.Resizable" name="resizable2" time="1.275"/>
  <system-out/>
</testsuite> <!-- com.intractions.Resizable -->
