<?xml version="1.0" encoding="UTF-8"?>
<!-- Generated by org.testng.reporters.JUnitReportReporter -->
<testsuite hostname="Dell-Inspiron-3505" failures="0" tests="1" name="com.intractions.Sortable" time="2.347" errors="0" timestamp="2024-02-27T13:34:01 IST" skipped="0">
  <testcase classname="com.intractions.Sortable" name="sortable" time="2.347"/>
  <system-out/>
</testsuite> <!-- com.intractions.Sortable -->
